<?xml version="1.0" encoding="UTF-8"?>
<!-- Generated by org.testng.reporters.JUnitXMLReporter -->
<testsuite ignored="0" hostname="DESKTOP-GJDTGS7" failures="1" tests="1" name="ModularFramework" time="0.069" errors="0" timestamp="2022-02-03T16:36:34 CET">
  <testcase classname="com.ToolsQA.TestsPackages.ElementsSectionTests.TextBoxTests" name="textBoxHappyPath" time="0.0">
    <failure type="org.testng.TestNGException" message="
Parameter &amp;apos;name&amp;apos; is required by @Test on method textBoxHappyPath but has not been marked @Optional or defined
in C:\Users\Komp\AppData\Local\JetBrains\IdeaIC2021.2\temp-testng-customsuite.xml">
      <![CDATA[org.testng.TestNGException: 
Parameter 'name' is required by @Test on method textBoxHappyPath but has not been marked @Optional or defined
in C:\Users\Komp\AppData\Local\JetBrains\IdeaIC2021.2\temp-testng-customsuite.xml
at java.base/java.util.ArrayList.forEach(ArrayList.java:1511)
at com.intellij.rt.testng.IDEARemoteTestNG.run(IDEARemoteTestNG.java:66)
at com.intellij.rt.testng.RemoteTestNGStarter.main(RemoteTestNGStarter.java:109)
... Removed 23 stack frames]]>
    </failure>
  </testcase> <!-- textBoxHappyPath -->
</testsuite> <!-- ModularFramework -->
