<?xml version="1.0" encoding="UTF-8"?>
<!-- Generated by org.testng.reporters.JUnitXMLReporter -->
<testsuite ignored="0" hostname="DESKTOP-GJDTGS7" failures="1" tests="2" name="Full name test" time="0.308" errors="0" timestamp="2022-02-03T18:26:52 CET">
  <testcase classname="com.ToolsQA.TestSetupPackages.ElementSectionSetup.TextBoxSetup" name="@BeforeMethod setUpBeforeTestMethod" time="0.294">
    <failure type="org.openqa.selenium.SessionNotCreatedException" message="Could not start a new session. Possible causes are invalid address of the remote server or browser start-up failure.">
      <![CDATA[org.openqa.selenium.SessionNotCreatedException: Could not start a new session. Possible causes are invalid address of the remote server or browser start-up failure.
at org.openqa.selenium.remote.RemoteWebDriver.execute(RemoteWebDriver.java:561)
at org.openqa.selenium.remote.RemoteWebDriver.startSession(RemoteWebDriver.java:230)
at org.openqa.selenium.remote.RemoteWebDriver.<init>(RemoteWebDriver.java:151)
at org.openqa.selenium.chromium.ChromiumDriver.<init>(ChromiumDriver.java:108)
at org.openqa.selenium.chrome.ChromeDriver.<init>(ChromeDriver.java:104)
at org.openqa.selenium.chrome.ChromeDriver.<init>(ChromeDriver.java:91)
at org.openqa.selenium.chrome.ChromeDriver.<init>(ChromeDriver.java:46)
at commonLibs.implementation.SetupDriver.<init>(SetupDriver.java:25)
at com.ToolsQA.TestSetupPackages.ElementSectionSetup.TextBoxSetup.setUpBeforeTestMethod(TextBoxSetup.java:34)
at java.base/java.util.ArrayList.forEach(ArrayList.java:1511)
at com.intellij.rt.testng.IDEARemoteTestNG.run(IDEARemoteTestNG.java:66)
at com.intellij.rt.testng.RemoteTestNGStarter.main(RemoteTestNGStarter.java:109)
Caused by: org.openqa.selenium.WebDriverException: Driver server process died prematurely.
Build info: version: '4.1.1', revision: 'e8fcc2cecf'
System info: host: 'DESKTOP-GJDTGS7', ip: '192.168.0.12', os.name: 'Windows 10', os.arch: 'amd64', os.version: '10.0', java.version: '17'
Driver info: driver.version: SetupDriver
at org.openqa.selenium.remote.service.DriverService.start(DriverService.java:226)
at org.openqa.selenium.remote.service.DriverCommandExecutor.execute(DriverCommandExecutor.java:98)
at org.openqa.selenium.remote.RemoteWebDriver.execute(RemoteWebDriver.java:543)
... 39 more
... Removed 28 stack frames]]>
    </failure>
  </testcase> <!-- @BeforeMethod setUpBeforeTestMethod -->
  <testcase classname="com.ToolsQA.TestSetupPackages.ElementSectionSetup.TextBoxSetup" name="@AfterMethod tearDownAfterTestMethod" time="0.0">
    <skipped/>
  </testcase> <!-- @AfterMethod tearDownAfterTestMethod -->
  <testcase classname="com.ToolsQA.TestSetupPackages.ElementSectionSetup.TextBoxSetup" name="@AfterClass tearDownAfterTestClass" time="0.0">
    <skipped/>
  </testcase> <!-- @AfterClass tearDownAfterTestClass -->
  <testcase classname="com.ToolsQA.TestsPackages.ElementsSectionTests.TextBoxTests" name="textBoxHappyPath" time="0.0">
    <failure type="org.testng.TestNGException" message="
Parameter &amp;apos;name&amp;apos; is required by @Test on method textBoxHappyPath but has not been marked @Optional or defined
in C:\Users\Komp\Desktop\QA\Java\ITBootcamp_FinalProject\loginTests.xml">
      <![CDATA[org.testng.TestNGException: 
Parameter 'name' is required by @Test on method textBoxHappyPath but has not been marked @Optional or defined
in C:\Users\Komp\Desktop\QA\Java\ITBootcamp_FinalProject\loginTests.xml
at java.base/java.util.ArrayList.forEach(ArrayList.java:1511)
at com.intellij.rt.testng.IDEARemoteTestNG.run(IDEARemoteTestNG.java:66)
at com.intellij.rt.testng.RemoteTestNGStarter.main(RemoteTestNGStarter.java:109)
... Removed 23 stack frames]]>
    </failure>
  </testcase> <!-- textBoxHappyPath -->
  <testcase classname="com.ToolsQA.TestsPackages.ElementsSectionTests.TextBoxTests" name="entersFullName" time="0.0">
    <skipped/>
  </testcase> <!-- entersFullName -->
</testsuite> <!-- Full name test -->
