<?xml version="1.0" encoding="UTF-8"?>
<!-- Generated by org.testng.reporters.JUnitXMLReporter -->
<testsuite ignored="0" hostname="DESKTOP-GJDTGS7" failures="2" tests="3" name="TextBox Test" time="10.523" errors="0" timestamp="2022-02-03T20:22:34 CET">
  <testcase classname="com.ToolsQA.TestsPackages.ElementsSectionTests.TextBoxTests" name="textBoxHappyPath" time="1.116">
    <failure type="java.lang.AssertionError" message="expected [Name:Marko Ilic
Email:ilic@gmail.com
Current Address :Nebeska420
Permanent Address :Devilska69] but found [Name:Marko Ilic
Email:ilic@gmail.com
Current Address :Nebeska420
Permananet Address :Devilska69]">
      <![CDATA[java.lang.AssertionError: expected [Name:Marko Ilic
Email:ilic@gmail.com
Current Address :Nebeska420
Permanent Address :Devilska69] but found [Name:Marko Ilic
Email:ilic@gmail.com
Current Address :Nebeska420
Permananet Address :Devilska69]
at com.ToolsQA.TestsPackages.ElementsSectionTests.TextBoxTests.textBoxHappyPath(TextBoxTest.java:23)
at java.base/java.util.ArrayList.forEach(ArrayList.java:1511)
at com.intellij.rt.testng.IDEARemoteTestNG.run(IDEARemoteTestNG.java:66)
at com.intellij.rt.testng.RemoteTestNGStarter.main(RemoteTestNGStarter.java:109)
... Removed 30 stack frames]]>
    </failure>
  </testcase> <!-- textBoxHappyPath -->
  <testcase classname="com.ToolsQA.TestsPackages.ElementsSectionTests.TextBoxTests" name="entersFullName" time="0.699"/>
  <testcase classname="com.ToolsQA.TestsPackages.ElementsSectionTests.TextBoxTests" name="entersPermanentAddress" time="0.769">
    <failure type="java.lang.AssertionError" message="expected [Permanent Address :Gagarinova69] but found [Permananet Address :Gagarinova69]">
      <![CDATA[java.lang.AssertionError: expected [Permanent Address :Gagarinova69] but found [Permananet Address :Gagarinova69]
at com.ToolsQA.TestsPackages.ElementsSectionTests.TextBoxTests.entersPermanentAddress(TextBoxTest.java:45)
at java.base/java.util.ArrayList.forEach(ArrayList.java:1511)
at com.intellij.rt.testng.IDEARemoteTestNG.run(IDEARemoteTestNG.java:66)
at com.intellij.rt.testng.RemoteTestNGStarter.main(RemoteTestNGStarter.java:109)
... Removed 30 stack frames]]>
    </failure>
  </testcase> <!-- entersPermanentAddress -->
</testsuite> <!-- TextBox Test -->
